<?xml version="1.0" encoding="UTF-8"?>
<!-- Generated by org.testng.reporters.JUnitReportReporter -->
<testsuite hostname="wkk" name="ces.fileonvert.page_test.jkms.jktest" tests="10" failures="0" timestamp="27 Feb 2018 07:06:33 GMT" time="169.800" errors="0">
  <testcase name="test6" time="17.243" classname="ces.fileonvert.page_test.jkms.jktest"/>
  <testcase name="test5" time="13.481" classname="ces.fileonvert.page_test.jkms.jktest"/>
  <testcase name="test3" time="33.358" classname="ces.fileonvert.page_test.jkms.jktest"/>
  <testcase name="test4" time="16.099" classname="ces.fileonvert.page_test.jkms.jktest"/>
  <testcase name="test9" time="15.780" classname="ces.fileonvert.page_test.jkms.jktest"/>
  <testcase name="test1" time="8.403" classname="ces.fileonvert.page_test.jkms.jktest"/>
  <testcase name="test0" time="15.343" classname="ces.fileonvert.page_test.jkms.jktest"/>
  <testcase name="test2" time="16.468" classname="ces.fileonvert.page_test.jkms.jktest"/>
  <testcase name="test7" time="12.712" classname="ces.fileonvert.page_test.jkms.jktest"/>
  <testcase name="test8" time="20.913" classname="ces.fileonvert.page_test.jkms.jktest"/>
</testsuite> <!-- ces.fileonvert.page_test.jkms.jktest -->
