<?xml version="1.0" encoding="UTF-8"?>
<!-- Generated by org.testng.reporters.JUnitReportReporter -->
<testsuite hostname="wkk" name="ces.fileonvert.page_test.tycs.tytest" tests="6" failures="0" timestamp="14 Mar 2018 09:30:48 GMT" time="149.286" errors="0">
  <testcase name="test3" time="28.855" classname="ces.fileonvert.page_test.tycs.tytest"/>
  <testcase name="test2" time="16.730" classname="ces.fileonvert.page_test.tycs.tytest"/>
  <testcase name="test1" time="25.945" classname="ces.fileonvert.page_test.tycs.tytest"/>
  <testcase name="test6" time="29.475" classname="ces.fileonvert.page_test.tycs.tytest"/>
  <testcase name="test5" time="25.523" classname="ces.fileonvert.page_test.tycs.tytest"/>
  <testcase name="test4" time="22.758" classname="ces.fileonvert.page_test.tycs.tytest"/>
</testsuite> <!-- ces.fileonvert.page_test.tycs.tytest -->
