<?xml version="1.0" encoding="UTF-8"?>
<!-- Generated by org.testng.reporters.JUnitReportReporter -->
<testsuite hostname="wkk" name="test13.maile.maue.them.themtest" tests="1" failures="0" timestamp="9 Apr 2018 06:46:01 GMT" time="73.300" errors="0">
  <testcase name="testclick" time="73.300" classname="test13.maile.maue.them.themtest"/>
</testsuite> <!-- test13.maile.maue.them.themtest -->
