<?xml version="1.0" encoding="UTF-8"?>
<!-- Generated by org.testng.reporters.JUnitReportReporter -->
<testsuite hostname="wkk" name="ces.fileonvert.page_test.tycs.test" tests="6" failures="0" timestamp="23 Feb 2018 08:57:26 GMT" time="67.405" errors="0">
  <testcase name="test4" time="10.786" classname="ces.fileonvert.page_test.tycs.test"/>
  <testcase name="test1" time="10.267" classname="ces.fileonvert.page_test.tycs.test"/>
  <testcase name="test6" time="12.751" classname="ces.fileonvert.page_test.tycs.test"/>
  <testcase name="test5" time="10.040" classname="ces.fileonvert.page_test.tycs.test"/>
  <testcase name="test2" time="9.662" classname="ces.fileonvert.page_test.tycs.test"/>
  <testcase name="test3" time="13.899" classname="ces.fileonvert.page_test.tycs.test"/>
</testsuite> <!-- ces.fileonvert.page_test.tycs.test -->
